<?xml version="1.0" encoding="UTF-8"?>
<!-- Generated by org.testng.reporters.JUnitXMLReporter -->
<testsuite ignored="0" hostname="DESKTOP-P5H0KL6" failures="0" tests="8" name="Default test" time="287.261" errors="0" timestamp="2023-06-23T12:57:13 IST">
  <testcase classname="hackathonProject.zigwheels.Main.driverpro" name="menuDisplayTest1" time="0.551"/>
  <testcase classname="hackathonProject.zigwheels.Main.driverpro" name="getBikeContent" time="34.086"/>
  <testcase classname="hackathonProject.zigwheels.Main.driverpro" name="navigateFromBikeToHome" time="64.594"/>
  <testcase classname="hackathonProject.zigwheels.Main.driverpro" name="menuDisplayTest2" time="0.172"/>
  <testcase classname="hackathonProject.zigwheels.Main.driverpro" name="getCarContent" time="33.724"/>
  <testcase classname="hackathonProject.zigwheels.Main.driverpro" name="usdCar" time="38.742"/>
  <testcase classname="hackathonProject.zigwheels.Main.driverpro" name="googleLogin" time="16.097"/>
  <testcase classname="hackathonProject.zigwheels.Main.driverpro" name="errMsg" time="3.764"/>
</testsuite> <!-- Default test -->
